app/build/intermediates/manifest_merge_blame_file/debug/manifest-merger-blame-debug-report.txt
1<?xml version="1.0" encoding="utf-8"?>
2<manifest xmlns:android="http://schemas.android.com/apk/res/android"
3    package="com.demo.retrofithttpmethods"
4    android:versionCode="1"
5    android:versionName="1.0" >
6
7    <uses-sdk
8        android:minSdkVersion="24"
8-->src\main\AndroidManifest.xml
9        android:targetSdkVersion="30" />
9-->src\main\AndroidManifest.xml
10
11    <uses-permission android:name="android.permission.INTERNET" />
11-->src\main\AndroidManifest.xml:5:5-67
11-->src\main\AndroidManifest.xml:5:22-64
12
13    <application
13-->src\main\AndroidManifest.xml:7:5-29:19
14        android:allowBackup="true"
14-->src\main\AndroidManifest.xml:8:9-35
15        android:appComponentFactory="androidx.core.app.CoreComponentFactory"
15-->[androidx.core:core:1.5.0] AndroidManifest.xml:24:18-86
16        android:debuggable="true"
17        android:extractNativeLibs="false"
18        android:icon="@mipmap/ic_launcher"
18-->src\main\AndroidManifest.xml:9:9-43
19        android:label="@string/app_name"
19-->src\main\AndroidManifest.xml:10:9-41
20        android:roundIcon="@mipmap/ic_launcher_round"
20-->src\main\AndroidManifest.xml:11:9-54
21        android:supportsRtl="true"
21-->src\main\AndroidManifest.xml:12:9-35
22        android:testOnly="true"
23        android:theme="@style/Theme.RetrofitHttpMethods" >
23-->src\main\AndroidManifest.xml:13:9-57
24        <activity
24-->src\main\AndroidManifest.xml:14:9-16:39
25            android:name="com.demo.retrofithttpmethods.CourseActivity"
25-->src\main\AndroidManifest.xml:15:13-43
26            android:exported="true" />
26-->src\main\AndroidManifest.xml:16:13-36
27        <activity
27-->src\main\AndroidManifest.xml:17:9-19:40
28            android:name="com.demo.retrofithttpmethods.LoginActivity"
28-->src\main\AndroidManifest.xml:18:13-42
29            android:exported="false" />
29-->src\main\AndroidManifest.xml:19:13-37
30        <activity
30-->src\main\AndroidManifest.xml:20:9-28:20
31            android:name="com.demo.retrofithttpmethods.MainActivity"
31-->src\main\AndroidManifest.xml:21:13-41
32            android:exported="true" >
32-->src\main\AndroidManifest.xml:22:13-36
33            <intent-filter>
33-->src\main\AndroidManifest.xml:23:13-27:29
34                <action android:name="android.intent.action.MAIN" />
34-->src\main\AndroidManifest.xml:24:17-69
34-->src\main\AndroidManifest.xml:24:25-66
35
36                <category android:name="android.intent.category.LAUNCHER" />
36-->src\main\AndroidManifest.xml:26:17-77
36-->src\main\AndroidManifest.xml:26:27-74
37            </intent-filter>
38        </activity>
39
40        <provider
40-->[androidx.lifecycle:lifecycle-process:2.2.0] AndroidManifest.xml:25:9-29:43
41            android:name="androidx.lifecycle.ProcessLifecycleOwnerInitializer"
41-->[androidx.lifecycle:lifecycle-process:2.2.0] AndroidManifest.xml:26:13-79
42            android:authorities="com.demo.retrofithttpmethods.lifecycle-process"
42-->[androidx.lifecycle:lifecycle-process:2.2.0] AndroidManifest.xml:27:13-69
43            android:exported="false"
43-->[androidx.lifecycle:lifecycle-process:2.2.0] AndroidManifest.xml:28:13-37
44            android:multiprocess="true" />
44-->[androidx.lifecycle:lifecycle-process:2.2.0] AndroidManifest.xml:29:13-40
45    </application>
46
47</manifest>